Determining if the function crc32c_value exists in the crc32c failed with the following output:
Change Dir: /home/meggie/文档/leveldb-master-nvmsst/build/CMakeFiles/CMakeTmp

Run Build Command:"/usr/bin/make" "cmTC_574dd/fast"
/usr/bin/make -f CMakeFiles/cmTC_574dd.dir/build.make CMakeFiles/cmTC_574dd.dir/build
make[1]: Entering directory '/home/meggie/文档/leveldb-master-nvmsst/build/CMakeFiles/CMakeTmp'
Building C object CMakeFiles/cmTC_574dd.dir/CheckFunctionExists.c.o
/usr/bin/cc   -DCHECK_FUNCTION_EXISTS=crc32c_value   -std=c11 -o CMakeFiles/cmTC_574dd.dir/CheckFunctionExists.c.o   -c /usr/local/share/cmake-3.9/Modules/CheckFunctionExists.c
Linking C executable cmTC_574dd
/usr/local/bin/cmake -E cmake_link_script CMakeFiles/cmTC_574dd.dir/link.txt --verbose=1
/usr/bin/cc  -DCHECK_FUNCTION_EXISTS=crc32c_value    CMakeFiles/cmTC_574dd.dir/CheckFunctionExists.c.o  -o cmTC_574dd -lcrc32c 
/usr/bin/ld: 找不到 -lcrc32c
collect2: error: ld returned 1 exit status
CMakeFiles/cmTC_574dd.dir/build.make:97: recipe for target 'cmTC_574dd' failed
make[1]: *** [cmTC_574dd] Error 1
make[1]: Leaving directory '/home/meggie/文档/leveldb-master-nvmsst/build/CMakeFiles/CMakeTmp'
Makefile:126: recipe for target 'cmTC_574dd/fast' failed
make: *** [cmTC_574dd/fast] Error 2


Determining if the function snappy_compress exists in the snappy failed with the following output:
Change Dir: /home/meggie/文档/leveldb-master-nvmsst/build/CMakeFiles/CMakeTmp

Run Build Command:"/usr/bin/make" "cmTC_35022/fast"
/usr/bin/make -f CMakeFiles/cmTC_35022.dir/build.make CMakeFiles/cmTC_35022.dir/build
make[1]: Entering directory '/home/meggie/文档/leveldb-master-nvmsst/build/CMakeFiles/CMakeTmp'
Building C object CMakeFiles/cmTC_35022.dir/CheckFunctionExists.c.o
/usr/bin/cc   -DCHECK_FUNCTION_EXISTS=snappy_compress   -std=c11 -o CMakeFiles/cmTC_35022.dir/CheckFunctionExists.c.o   -c /usr/local/share/cmake-3.9/Modules/CheckFunctionExists.c
Linking C executable cmTC_35022
/usr/local/bin/cmake -E cmake_link_script CMakeFiles/cmTC_35022.dir/link.txt --verbose=1
/usr/bin/cc  -DCHECK_FUNCTION_EXISTS=snappy_compress    CMakeFiles/cmTC_35022.dir/CheckFunctionExists.c.o  -o cmTC_35022 -lsnappy 
/usr/bin/ld: 找不到 -lsnappy
collect2: error: ld returned 1 exit status
CMakeFiles/cmTC_35022.dir/build.make:97: recipe for target 'cmTC_35022' failed
make[1]: *** [cmTC_35022] Error 1
make[1]: Leaving directory '/home/meggie/文档/leveldb-master-nvmsst/build/CMakeFiles/CMakeTmp'
Makefile:126: recipe for target 'cmTC_35022/fast' failed
make: *** [cmTC_35022/fast] Error 2


Determining if the function malloc exists in the tcmalloc failed with the following output:
Change Dir: /home/meggie/文档/leveldb-master-nvmsst/build/CMakeFiles/CMakeTmp

Run Build Command:"/usr/bin/make" "cmTC_04a6e/fast"
/usr/bin/make -f CMakeFiles/cmTC_04a6e.dir/build.make CMakeFiles/cmTC_04a6e.dir/build
make[1]: Entering directory '/home/meggie/文档/leveldb-master-nvmsst/build/CMakeFiles/CMakeTmp'
Building C object CMakeFiles/cmTC_04a6e.dir/CheckFunctionExists.c.o
/usr/bin/cc   -DCHECK_FUNCTION_EXISTS=malloc   -std=c11 -o CMakeFiles/cmTC_04a6e.dir/CheckFunctionExists.c.o   -c /usr/local/share/cmake-3.9/Modules/CheckFunctionExists.c
<command-line>:0:23: warning: conflicting types for built-in function ‘malloc’
/usr/local/share/cmake-3.9/Modules/CheckFunctionExists.c:7:3: note: in expansion of macro ‘CHECK_FUNCTION_EXISTS’
   CHECK_FUNCTION_EXISTS(void);
   ^
Linking C executable cmTC_04a6e
/usr/local/bin/cmake -E cmake_link_script CMakeFiles/cmTC_04a6e.dir/link.txt --verbose=1
/usr/bin/cc  -DCHECK_FUNCTION_EXISTS=malloc    CMakeFiles/cmTC_04a6e.dir/CheckFunctionExists.c.o  -o cmTC_04a6e -ltcmalloc 
/usr/bin/ld: 找不到 -ltcmalloc
collect2: error: ld returned 1 exit status
CMakeFiles/cmTC_04a6e.dir/build.make:97: recipe for target 'cmTC_04a6e' failed
make[1]: *** [cmTC_04a6e] Error 1
make[1]: Leaving directory '/home/meggie/文档/leveldb-master-nvmsst/build/CMakeFiles/CMakeTmp'
Makefile:126: recipe for target 'cmTC_04a6e/fast' failed
make: *** [cmTC_04a6e/fast] Error 2


Determining if the F_FULLFSYNC exist failed with the following output:
Change Dir: /home/meggie/文档/leveldb-master-nvmsst/build/CMakeFiles/CMakeTmp

Run Build Command:"/usr/bin/make" "cmTC_1d3f4/fast"
/usr/bin/make -f CMakeFiles/cmTC_1d3f4.dir/build.make CMakeFiles/cmTC_1d3f4.dir/build
make[1]: Entering directory '/home/meggie/文档/leveldb-master-nvmsst/build/CMakeFiles/CMakeTmp'
Building CXX object CMakeFiles/cmTC_1d3f4.dir/CheckSymbolExists.cxx.o
/usr/bin/c++    -std=c++11 -o CMakeFiles/cmTC_1d3f4.dir/CheckSymbolExists.cxx.o -c /home/meggie/文档/leveldb-master-nvmsst/build/CMakeFiles/CMakeTmp/CheckSymbolExists.cxx
/home/meggie/文档/leveldb-master-nvmsst/build/CMakeFiles/CMakeTmp/CheckSymbolExists.cxx: In function ‘int main(int, char**)’:
/home/meggie/文档/leveldb-master-nvmsst/build/CMakeFiles/CMakeTmp/CheckSymbolExists.cxx:8:19: error: ‘F_FULLFSYNC’ was not declared in this scope
   return ((int*)(&F_FULLFSYNC))[argc];
                   ^
CMakeFiles/cmTC_1d3f4.dir/build.make:65: recipe for target 'CMakeFiles/cmTC_1d3f4.dir/CheckSymbolExists.cxx.o' failed
make[1]: *** [CMakeFiles/cmTC_1d3f4.dir/CheckSymbolExists.cxx.o] Error 1
make[1]: Leaving directory '/home/meggie/文档/leveldb-master-nvmsst/build/CMakeFiles/CMakeTmp'
Makefile:126: recipe for target 'cmTC_1d3f4/fast' failed
make: *** [cmTC_1d3f4/fast] Error 2

File /home/meggie/文档/leveldb-master-nvmsst/build/CMakeFiles/CMakeTmp/CheckSymbolExists.cxx:
/* */
#include <fcntl.h>

int main(int argc, char** argv)
{
  (void)argv;
#ifndef F_FULLFSYNC
  return ((int*)(&F_FULLFSYNC))[argc];
#else
  (void)argc;
  return 0;
#endif
}

Performing C++ SOURCE FILE Test HAVE_CLANG_THREAD_SAFETY failed with the following output:
Change Dir: /home/meggie/文档/leveldb-master-nvmsst/build/CMakeFiles/CMakeTmp

Run Build Command:"/usr/bin/make" "cmTC_ec6ae/fast"
/usr/bin/make -f CMakeFiles/cmTC_ec6ae.dir/build.make CMakeFiles/cmTC_ec6ae.dir/build
make[1]: Entering directory '/home/meggie/文档/leveldb-master-nvmsst/build/CMakeFiles/CMakeTmp'
Building CXX object CMakeFiles/cmTC_ec6ae.dir/src.cxx.o
/usr/bin/c++    -DHAVE_CLANG_THREAD_SAFETY -Werror   -std=c++11 -o CMakeFiles/cmTC_ec6ae.dir/src.cxx.o -c /home/meggie/文档/leveldb-master-nvmsst/build/CMakeFiles/CMakeTmp/src.cxx
/home/meggie/文档/leveldb-master-nvmsst/build/CMakeFiles/CMakeTmp/src.cxx:2:34: error: ‘lockable’ attribute directive ignored [-Werror=attributes]
 struct __attribute__((lockable)) Lock {
                                  ^
/home/meggie/文档/leveldb-master-nvmsst/build/CMakeFiles/CMakeTmp/src.cxx:3:59: error: ‘exclusive_lock_function’ attribute directive ignored [-Werror=attributes]
   void Acquire() __attribute__((exclusive_lock_function()));
                                                           ^
/home/meggie/文档/leveldb-master-nvmsst/build/CMakeFiles/CMakeTmp/src.cxx:4:51: error: ‘unlock_function’ attribute directive ignored [-Werror=attributes]
   void Release() __attribute__((unlock_function()));
                                                   ^
/home/meggie/文档/leveldb-master-nvmsst/build/CMakeFiles/CMakeTmp/src.cxx:8:46: error: ‘guarded_by’ attribute directive ignored [-Werror=attributes]
   int data_ __attribute__((guarded_by(lock_)));
                                              ^
cc1plus: all warnings being treated as errors
CMakeFiles/cmTC_ec6ae.dir/build.make:65: recipe for target 'CMakeFiles/cmTC_ec6ae.dir/src.cxx.o' failed
make[1]: *** [CMakeFiles/cmTC_ec6ae.dir/src.cxx.o] Error 1
make[1]: Leaving directory '/home/meggie/文档/leveldb-master-nvmsst/build/CMakeFiles/CMakeTmp'
Makefile:126: recipe for target 'cmTC_ec6ae/fast' failed
make: *** [cmTC_ec6ae/fast] Error 2

Source file was:

struct __attribute__((lockable)) Lock {
  void Acquire() __attribute__((exclusive_lock_function()));
  void Release() __attribute__((unlock_function()));
};
struct ThreadSafeType {
  Lock lock_;
  int data_ __attribute__((guarded_by(lock_)));
};
int main() { return 0; }

Determining if the pthread_create exist failed with the following output:
Change Dir: /home/meggie/文档/leveldb-master-nvmsst/build/CMakeFiles/CMakeTmp

Run Build Command:"/usr/bin/make" "cmTC_00648/fast"
/usr/bin/make -f CMakeFiles/cmTC_00648.dir/build.make CMakeFiles/cmTC_00648.dir/build
make[1]: Entering directory '/home/meggie/文档/leveldb-master-nvmsst/build/CMakeFiles/CMakeTmp'
Building C object CMakeFiles/cmTC_00648.dir/CheckSymbolExists.c.o
/usr/bin/cc   -std=c11 -o CMakeFiles/cmTC_00648.dir/CheckSymbolExists.c.o   -c /home/meggie/文档/leveldb-master-nvmsst/build/CMakeFiles/CMakeTmp/CheckSymbolExists.c
Linking C executable cmTC_00648
/usr/local/bin/cmake -E cmake_link_script CMakeFiles/cmTC_00648.dir/link.txt --verbose=1
/usr/bin/cc      CMakeFiles/cmTC_00648.dir/CheckSymbolExists.c.o  -o cmTC_00648 
CMakeFiles/cmTC_00648.dir/CheckSymbolExists.c.o：在函数‘main’中：
CheckSymbolExists.c:(.text+0x16)：对‘pthread_create’未定义的引用
collect2: error: ld returned 1 exit status
CMakeFiles/cmTC_00648.dir/build.make:97: recipe for target 'cmTC_00648' failed
make[1]: *** [cmTC_00648] Error 1
make[1]: Leaving directory '/home/meggie/文档/leveldb-master-nvmsst/build/CMakeFiles/CMakeTmp'
Makefile:126: recipe for target 'cmTC_00648/fast' failed
make: *** [cmTC_00648/fast] Error 2

File /home/meggie/文档/leveldb-master-nvmsst/build/CMakeFiles/CMakeTmp/CheckSymbolExists.c:
/* */
#include <pthread.h>

int main(int argc, char** argv)
{
  (void)argv;
#ifndef pthread_create
  return ((int*)(&pthread_create))[argc];
#else
  (void)argc;
  return 0;
#endif
}

Determining if the function pthread_create exists in the pthreads failed with the following output:
Change Dir: /home/meggie/文档/leveldb-master-nvmsst/build/CMakeFiles/CMakeTmp

Run Build Command:"/usr/bin/make" "cmTC_427c8/fast"
/usr/bin/make -f CMakeFiles/cmTC_427c8.dir/build.make CMakeFiles/cmTC_427c8.dir/build
make[1]: Entering directory '/home/meggie/文档/leveldb-master-nvmsst/build/CMakeFiles/CMakeTmp'
Building C object CMakeFiles/cmTC_427c8.dir/CheckFunctionExists.c.o
/usr/bin/cc   -DCHECK_FUNCTION_EXISTS=pthread_create   -std=c11 -o CMakeFiles/cmTC_427c8.dir/CheckFunctionExists.c.o   -c /usr/local/share/cmake-3.9/Modules/CheckFunctionExists.c
Linking C executable cmTC_427c8
/usr/local/bin/cmake -E cmake_link_script CMakeFiles/cmTC_427c8.dir/link.txt --verbose=1
/usr/bin/cc  -DCHECK_FUNCTION_EXISTS=pthread_create    CMakeFiles/cmTC_427c8.dir/CheckFunctionExists.c.o  -o cmTC_427c8 -lpthreads 
/usr/bin/ld: 找不到 -lpthreads
collect2: error: ld returned 1 exit status
CMakeFiles/cmTC_427c8.dir/build.make:97: recipe for target 'cmTC_427c8' failed
make[1]: *** [cmTC_427c8] Error 1
make[1]: Leaving directory '/home/meggie/文档/leveldb-master-nvmsst/build/CMakeFiles/CMakeTmp'
Makefile:126: recipe for target 'cmTC_427c8/fast' failed
make: *** [cmTC_427c8/fast] Error 2


Determining if the function sqlite3_open exists in the sqlite3 failed with the following output:
Change Dir: /home/meggie/文档/leveldb-master-nvmsst/build/CMakeFiles/CMakeTmp

Run Build Command:"/usr/bin/make" "cmTC_363ef/fast"
/usr/bin/make -f CMakeFiles/cmTC_363ef.dir/build.make CMakeFiles/cmTC_363ef.dir/build
make[1]: Entering directory '/home/meggie/文档/leveldb-master-nvmsst/build/CMakeFiles/CMakeTmp'
Building C object CMakeFiles/cmTC_363ef.dir/CheckFunctionExists.c.o
/usr/bin/cc   -DCHECK_FUNCTION_EXISTS=sqlite3_open   -std=c11 -o CMakeFiles/cmTC_363ef.dir/CheckFunctionExists.c.o   -c /usr/local/share/cmake-3.9/Modules/CheckFunctionExists.c
Linking C executable cmTC_363ef
/usr/local/bin/cmake -E cmake_link_script CMakeFiles/cmTC_363ef.dir/link.txt --verbose=1
/usr/bin/cc  -DCHECK_FUNCTION_EXISTS=sqlite3_open    CMakeFiles/cmTC_363ef.dir/CheckFunctionExists.c.o  -o cmTC_363ef -lsqlite3 
/usr/bin/ld: 找不到 -lsqlite3
collect2: error: ld returned 1 exit status
CMakeFiles/cmTC_363ef.dir/build.make:97: recipe for target 'cmTC_363ef' failed
make[1]: *** [cmTC_363ef] Error 1
make[1]: Leaving directory '/home/meggie/文档/leveldb-master-nvmsst/build/CMakeFiles/CMakeTmp'
Makefile:126: recipe for target 'cmTC_363ef/fast' failed
make: *** [cmTC_363ef/fast] Error 2


Performing C++ SOURCE FILE Test HAVE_KYOTOCABINET failed with the following output:
Change Dir: /home/meggie/文档/leveldb-master-nvmsst/build/CMakeFiles/CMakeTmp

Run Build Command:"/usr/bin/make" "cmTC_7106d/fast"
/usr/bin/make -f CMakeFiles/cmTC_7106d.dir/build.make CMakeFiles/cmTC_7106d.dir/build
make[1]: Entering directory '/home/meggie/文档/leveldb-master-nvmsst/build/CMakeFiles/CMakeTmp'
Building CXX object CMakeFiles/cmTC_7106d.dir/src.cxx.o
/usr/bin/c++    -DHAVE_KYOTOCABINET   -std=c++11 -o CMakeFiles/cmTC_7106d.dir/src.cxx.o -c /home/meggie/文档/leveldb-master-nvmsst/build/CMakeFiles/CMakeTmp/src.cxx
/home/meggie/文档/leveldb-master-nvmsst/build/CMakeFiles/CMakeTmp/src.cxx:2:22: fatal error: kcpolydb.h: 没有那个文件或目录
compilation terminated.
CMakeFiles/cmTC_7106d.dir/build.make:65: recipe for target 'CMakeFiles/cmTC_7106d.dir/src.cxx.o' failed
make[1]: *** [CMakeFiles/cmTC_7106d.dir/src.cxx.o] Error 1
make[1]: Leaving directory '/home/meggie/文档/leveldb-master-nvmsst/build/CMakeFiles/CMakeTmp'
Makefile:126: recipe for target 'cmTC_7106d/fast' failed
make: *** [cmTC_7106d/fast] Error 2

Source file was:

#include <kcpolydb.h>

int main() {
  kyotocabinet::TreeDB* db = new kyotocabinet::TreeDB();
  delete db;
  return 0;
}
  
